app/build/intermediates/manifest_merge_blame_file/debug/manifest-merger-blame-debug-report.txt
1<?xml version="1.0" encoding="utf-8"?>
2<manifest xmlns:android="http://schemas.android.com/apk/res/android"
3    package="test.dopp"
4    android:versionCode="1"
5    android:versionName="1.0" >
6
7    <uses-sdk
8        android:minSdkVersion="21"
8-->src\main\AndroidManifest.xml
9        android:targetSdkVersion="28" />
9-->src\main\AndroidManifest.xml
10
11    <application
11-->src\main\AndroidManifest.xml:5:2-29:16
12        android:name="test.dopp.SketchApplication"
12-->src\main\AndroidManifest.xml:9:3-36
13        android:allowBackup="true"
13-->src\main\AndroidManifest.xml:6:3-29
14        android:debuggable="true"
15        android:icon="@drawable/app_icon"
15-->src\main\AndroidManifest.xml:7:3-36
16        android:label="@string/app_name"
16-->src\main\AndroidManifest.xml:8:3-35
17        android:theme="@style/AppTheme"
17-->src\main\AndroidManifest.xml:11:3-34
18        android:usesCleartextTraffic="true" >
18-->src\main\AndroidManifest.xml:10:3-38
19        <activity
19-->src\main\AndroidManifest.xml:12:3-22:14
20            android:name="test.dopp.MainActivity"
20-->src\main\AndroidManifest.xml:13:4-32
21            android:configChanges="orientation|screenSize|keyboardHidden|smallestScreenSize|screenLayout"
21-->src\main\AndroidManifest.xml:14:4-97
22            android:hardwareAccelerated="true"
22-->src\main\AndroidManifest.xml:15:4-38
23            android:screenOrientation="portrait"
23-->src\main\AndroidManifest.xml:17:4-40
24            android:supportsPictureInPicture="true" >
24-->src\main\AndroidManifest.xml:16:4-43
25            <intent-filter>
25-->src\main\AndroidManifest.xml:18:4-21:20
26                <action android:name="android.intent.action.MAIN" />
26-->src\main\AndroidManifest.xml:19:5-57
26-->src\main\AndroidManifest.xml:19:13-54
27
28                <category android:name="android.intent.category.LAUNCHER" />
28-->src\main\AndroidManifest.xml:20:5-65
28-->src\main\AndroidManifest.xml:20:15-62
29            </intent-filter>
30        </activity>
31        <activity
31-->src\main\AndroidManifest.xml:23:3-25:43
32            android:name="test.dopp.DebugActivity"
32-->src\main\AndroidManifest.xml:24:4-33
33            android:screenOrientation="portrait" />
33-->src\main\AndroidManifest.xml:25:4-40
34
35        <uses-library
35-->src\main\AndroidManifest.xml:26:3-28:31
36            android:name="org.apache.http.legacy"
36-->src\main\AndroidManifest.xml:27:4-41
37            android:required="false" />
37-->src\main\AndroidManifest.xml:28:4-28
38    </application>
39
40</manifest>